# Logfile created on 2011-03-11 15:59:14 -0600 by logger.rb/25413
REQUESTING PAGE: GET / with {} and HTTP headers {}
REQUESTING PAGE: GET /users/sign_in with {} and HTTP headers {"HTTP_REFERER"=>"/"}
REQUESTING PAGE: GET / with {} and HTTP headers {}
REQUESTING PAGE: GET /users/sign_in with {} and HTTP headers {"HTTP_REFERER"=>"/"}
REQUESTING PAGE: POST /users/sign_in with {"utf8"=>"\xE2\x9C\x93", "user"=>{"email"=>"fred@test.com", "password"=>"password", "remember_me"=>"0"}, "commit"=>"Sign in"} and HTTP headers {"HTTP_REFERER"=>"/users/sign_in"}
REQUESTING PAGE: GET / with {} and HTTP headers {}
REQUESTING PAGE: GET /users/sign_in with {} and HTTP headers {"HTTP_REFERER"=>"/"}
REQUESTING PAGE: POST /users/sign_in with {"utf8"=>"\xE2\x9C\x93", "user"=>{"email"=>"fred@test.com", "password"=>"password", "remember_me"=>"0"}, "commit"=>"Sign in"} and HTTP headers {"HTTP_REFERER"=>"/users/sign_in"}
REQUESTING PAGE: GET / with {} and HTTP headers {}
REQUESTING PAGE: GET /users/sign_in with {} and HTTP headers {"HTTP_REFERER"=>"/"}
REQUESTING PAGE: POST /users/sign_in with {"utf8"=>"\xE2\x9C\x93", "user"=>{"email"=>"fred@test.com", "password"=>"password", "remember_me"=>"0"}, "commit"=>"Sign in"} and HTTP headers {"HTTP_REFERER"=>"/users/sign_in"}
REQUESTING PAGE: GET / with {} and HTTP headers {}
REQUESTING PAGE: GET /users/sign_in with {} and HTTP headers {"HTTP_REFERER"=>"/"}
REQUESTING PAGE: POST /users/sign_in with {"utf8"=>"\xE2\x9C\x93", "user"=>{"email"=>"fred@test.com", "password"=>"password", "remember_me"=>"0"}, "commit"=>"Sign in"} and HTTP headers {"HTTP_REFERER"=>"/users/sign_in"}
REQUESTING PAGE: GET / with {} and HTTP headers {}
REQUESTING PAGE: GET /users/sign_in with {} and HTTP headers {"HTTP_REFERER"=>"/"}
REQUESTING PAGE: POST /users/sign_in with {"utf8"=>"\xE2\x9C\x93", "user"=>{"email"=>"fred@test.com", "password"=>"password", "remember_me"=>"0"}, "commit"=>"Sign in"} and HTTP headers {"HTTP_REFERER"=>"/users/sign_in"}
REQUESTING PAGE: GET http://example.org/ with {} and HTTP headers {"HTTP_REFERER"=>"/users/sign_in"}
REQUESTING PAGE: GET /purchases?id=1 with {} and HTTP headers {"HTTP_REFERER"=>"http://example.org/"}
REQUESTING PAGE: GET / with {} and HTTP headers {"HTTP_REFERER"=>"/purchases?id=1"}
REQUESTING PAGE: GET / with {} and HTTP headers {}
REQUESTING PAGE: GET /users/sign_in with {} and HTTP headers {"HTTP_REFERER"=>"/"}
REQUESTING PAGE: POST /users/sign_in with {"utf8"=>"\xE2\x9C\x93", "user"=>{"email"=>"fred@test.com", "password"=>"password", "remember_me"=>"0"}, "commit"=>"Sign in"} and HTTP headers {"HTTP_REFERER"=>"/users/sign_in"}
REQUESTING PAGE: GET http://example.org/ with {} and HTTP headers {"HTTP_REFERER"=>"/users/sign_in"}
REQUESTING PAGE: GET /purchases?id=1 with {} and HTTP headers {"HTTP_REFERER"=>"http://example.org/"}
REQUESTING PAGE: GET / with {} and HTTP headers {"HTTP_REFERER"=>"/purchases?id=1"}
